[debug] [2023-04-21T15:59:08.125Z] ----------------------------------------------------------------------
[debug] [2023-04-21T15:59:08.130Z] Command:       C:\Program Files\nodejs\node.exe C:\Users\Federico\AppData\Roaming\npm\node_modules\firebase-tools\lib\bin\firebase.js init hosting
[debug] [2023-04-21T15:59:08.132Z] CLI Version:   11.28.0
[debug] [2023-04-21T15:59:08.133Z] Platform:      win32
[debug] [2023-04-21T15:59:08.133Z] Node Version:  v18.15.0
[debug] [2023-04-21T15:59:08.135Z] Time:          Fri Apr 21 2023 12:59:08 GMT-0300 (hora estándar de Argentina)
[debug] [2023-04-21T15:59:08.135Z] ----------------------------------------------------------------------
[debug] 
[debug] [2023-04-21T15:59:08.148Z] > command requires scopes: ["email","openid","https://www.googleapis.com/auth/cloudplatformprojects.readonly","https://www.googleapis.com/auth/firebase","https://www.googleapis.com/auth/cloud-platform"]
[debug] [2023-04-21T15:59:08.149Z] > authorizing via signed-in user (zanetti.fed@gmail.com)
[info] 
     ######## #### ########  ######## ########     ###     ######  ########
     ##        ##  ##     ## ##       ##     ##  ##   ##  ##       ##
     ######    ##  ########  ######   ########  #########  ######  ######
     ##        ##  ##    ##  ##       ##     ## ##     ##       ## ##
     ##       #### ##     ## ######## ########  ##     ##  ######  ########

You're about to initialize a Firebase project in this directory:

  C:\Users\Federico\Desktop\Web Development\Newsletter-Signup

[info] 
=== Project Setup
[info] 
[info] First, let's associate this project directory with a Firebase project.
[info] You can create multiple project aliases by running firebase use --add, 
[info] but for now we'll just set up a default project.
[info] 
[debug] [2023-04-21T15:59:37.540Z] >>> [apiv2][query] GET https://firebase.googleapis.com/v1beta1/projects pageSize=100
[debug] [2023-04-21T15:59:38.271Z] <<< [apiv2][status] GET https://firebase.googleapis.com/v1beta1/projects 200
[debug] [2023-04-21T15:59:38.272Z] <<< [apiv2][body] GET https://firebase.googleapis.com/v1beta1/projects [omitted]
[info] i  Using project mailchimp-fede (mailchimp-fede) 
[info] 
=== Hosting Setup
[info] 
[info] Your public directory is the folder (relative to your project directory) that
[info] will contain Hosting assets to be uploaded with firebase deploy. If you
[info] have a build process for your assets, use your build's output directory.
[info] 
[info] +  Wrote public/404.html 
[debug] [2023-04-21T16:01:03.638Z] >>> [apiv2][query] GET https://www.gstatic.com/firebasejs/releases.json [none]
[debug] [2023-04-21T16:01:03.805Z] <<< [apiv2][status] GET https://www.gstatic.com/firebasejs/releases.json 200
[debug] [2023-04-21T16:01:03.805Z] <<< [apiv2][body] GET https://www.gstatic.com/firebasejs/releases.json {"current":{"version":"9.20.0","browserURL":"https://www.gstatic.com/firebasejs/9.20.0/firebase.js","packageURL":"https://www.gstatic.com/firebasejs/9.20.0/firebase.tgz"},"live":{"version":"9.20","browserURL":"https://www.gstatic.com/firebasejs/live/9.20/firebase.js","packageURL":"https://www.gstatic.com/firebasejs/live/9.20/firebase.tgz"},"components":{"analytics":"https://www.gstatic.com/firebasejs/9.20.0/firebase-analytics.js","app":"https://www.gstatic.com/firebasejs/9.20.0/firebase-app.js","app-check":"https://www.gstatic.com/firebasejs/9.20.0/firebase-app-check.js","auth":"https://www.gstatic.com/firebasejs/9.20.0/firebase-auth.js","auth/cordova":"https://www.gstatic.com/firebasejs/9.20.0/firebase-auth/cordova.js","auth/react-native":"https://www.gstatic.com/firebasejs/9.20.0/firebase-auth/react-native.js","functions":"https://www.gstatic.com/firebasejs/9.20.0/firebase-functions.js","firestore":"https://www.gstatic.com/firebasejs/9.20.0/firebase-firestore.js","firestore/lite":"https://www.gstatic.com/firebasejs/9.20.0/firebase-firestore/lite.js","installations":"https://www.gstatic.com/firebasejs/9.20.0/firebase-installations.js","storage":"https://www.gstatic.com/firebasejs/9.20.0/firebase-storage.js","performance":"https://www.gstatic.com/firebasejs/9.20.0/firebase-performance.js","remote-config":"https://www.gstatic.com/firebasejs/9.20.0/firebase-remote-config.js","messaging":"https://www.gstatic.com/firebasejs/9.20.0/firebase-messaging.js","messaging/sw":"https://www.gstatic.com/firebasejs/9.20.0/firebase-messaging/sw.js","database":"https://www.gstatic.com/firebasejs/9.20.0/firebase-database.js","firestore.memory":"https://www.gstatic.com/firebasejs/9.20.0/firebase-firestore.memory.js"}}
[info] +  Wrote public/index.html 
[info] 
[info] i  Detected a .git folder at C:\Users\Federico\Desktop\Web Development\Newsletter-Signup 
[info] i  Authorizing with GitHub to upload your service account to a GitHub repository's secrets store. 
[info] 
[info] Visit this URL on this device to log in:
[info] https://github.com/login/oauth/authorize?client_id=89cf50f02ac6aaed3484&state=1001954834&redirect_uri=http%3A%2F%2Flocalhost%3A9005&scope=read%3Auser%20repo%20public_repo
[info] 
[info] Waiting for authentication...
[debug] [2023-04-21T16:01:35.584Z] >>> [apiv2][query] POST https://github.com/login/oauth/access_token [none]
[debug] [2023-04-21T16:01:35.584Z] >>> [apiv2][body] POST https://github.com/login/oauth/access_token [stream]
[debug] [2023-04-21T16:01:36.000Z] <<< [apiv2][status] POST https://github.com/login/oauth/access_token 200
[debug] [2023-04-21T16:01:36.000Z] <<< [apiv2][body] POST https://github.com/login/oauth/access_token {"access_token":"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","token_type":"bearer","scope":"read:user,repo"}
[debug] [2023-04-21T16:01:36.110Z] >>> [apiv2][query] GET https://api.github.com/user [none]
[debug] [2023-04-21T16:01:36.559Z] <<< [apiv2][status] GET https://api.github.com/user 200
[debug] [2023-04-21T16:01:36.559Z] <<< [apiv2][body] GET https://api.github.com/user {"login":"fedezanetti","id":116457869,"node_id":"U_kgDOBvEBjQ","avatar_url":"https://avatars.githubusercontent.com/u/116457869?v=4","gravatar_id":"","url":"https://api.github.com/users/fedezanetti","html_url":"https://github.com/fedezanetti","followers_url":"https://api.github.com/users/fedezanetti/followers","following_url":"https://api.github.com/users/fedezanetti/following{/other_user}","gists_url":"https://api.github.com/users/fedezanetti/gists{/gist_id}","starred_url":"https://api.github.com/users/fedezanetti/starred{/owner}{/repo}","subscriptions_url":"https://api.github.com/users/fedezanetti/subscriptions","organizations_url":"https://api.github.com/users/fedezanetti/orgs","repos_url":"https://api.github.com/users/fedezanetti/repos","events_url":"https://api.github.com/users/fedezanetti/events{/privacy}","received_events_url":"https://api.github.com/users/fedezanetti/received_events","type":"User","site_admin":false,"name":null,"company":null,"blog":"","location":null,"email":null,"hireable":null,"bio":null,"twitter_username":null,"public_repos":6,"public_gists":0,"followers":0,"following":0,"created_at":"2022-10-22T18:13:45Z","updated_at":"2023-04-18T19:16:35Z","private_gists":0,"total_private_repos":0,"owned_private_repos":0,"disk_usage":64561,"collaborators":0,"two_factor_authentication":false,"plan":{"name":"free","space":976562499,"collaborators":0,"private_repos":10000}}
[info] 
[info] +  Success! Logged into GitHub as fedezanetti 
[info] 
